<?xml version="1.0" encoding="UTF-8"?>
<!-- Generated by org.testng.reporters.JUnitXMLReporter -->
<testsuite ignored="0" hostname="Hannas-HP" failures="0" tests="144" name="Surefire test" time="1.235" errors="0" timestamp="2024-07-25T10:51:06 MESZ">
  <testcase classname="chatgpt.tests.PaymentMethodTest" name="testEmptyAuthTokenThrowsException" time="0.004"/>
  <testcase classname="chatgpt.tests.PaymentMethodTest" name="testEmptyCardHolderNameThrowsException" time="0.001"/>
  <testcase classname="chatgpt.tests.PaymentMethodTest" name="testEmptyCardNumberThrowsException" time="0.0"/>
  <testcase classname="chatgpt.tests.PaymentMethodTest" name="testEmptyCvvThrowsException" time="0.0"/>
  <testcase classname="chatgpt.tests.PaymentMethodTest" name="testEmptyEmailThrowsException" time="0.0"/>
  <testcase classname="chatgpt.tests.PaymentMethodTest" name="testEmptyExpiryDateThrowsException" time="0.0"/>
  <testcase classname="chatgpt.tests.PaymentMethodTest" name="testNullAuthTokenThrowsException" time="0.0"/>
  <testcase classname="chatgpt.tests.PaymentMethodTest" name="testNullCardHolderNameThrowsException" time="0.0"/>
  <testcase classname="chatgpt.tests.PaymentMethodTest" name="testNullCardNumberThrowsException" time="0.0"/>
  <testcase classname="chatgpt.tests.PaymentMethodTest" name="testNullCvvThrowsException" time="0.0"/>
  <testcase classname="chatgpt.tests.PaymentMethodTest" name="testNullEmailThrowsException" time="0.0"/>
  <testcase classname="chatgpt.tests.PaymentMethodTest" name="testNullExpiryDateThrowsException" time="0.0"/>
  <testcase classname="chatgpt.tests.PaymentMethodTest" name="testValidCreditCardPaymentMethod" time="0.01"/>
  <testcase classname="chatgpt.tests.PaymentMethodTest" name="testValidPayPalPaymentMethod" time="0.0"/>
  <testcase classname="chatgpt.tests.ProductTest" name="testEmptyProductID" time="0.002"/>
  <testcase classname="chatgpt.tests.ProductTest" name="testInvalidProductID" time="0.001"/>
  <testcase classname="chatgpt.tests.ProductTest" name="testNegativePrice" time="0.001"/>
  <testcase classname="chatgpt.tests.ProductTest" name="testNegativeQuantity" time="0.0"/>
  <testcase classname="chatgpt.tests.ProductTest" name="testProductCreation" time="0.0"/>
  <testcase classname="chatgpt.tests.ProductTest" name="testSetInvalidQuantity" time="0.0"/>
  <testcase classname="chatgpt.tests.ProductTest" name="testSetQuantity" time="0.0"/>
  <testcase classname="chatgpt.tests.ProductTest" name="testZeroQuantity" time="0.0"/>
  <testcase classname="chatgpt.tests.ShippingAddressTest" name="testEmptyCityThrowsException" time="0.0"/>
  <testcase classname="chatgpt.tests.ShippingAddressTest" name="testEmptyCountryThrowsException" time="0.0"/>
  <testcase classname="chatgpt.tests.ShippingAddressTest" name="testEmptyCustomerNameThrowsException" time="0.0"/>
  <testcase classname="chatgpt.tests.ShippingAddressTest" name="testEmptyPostalCodeThrowsException" time="0.001"/>
  <testcase classname="chatgpt.tests.ShippingAddressTest" name="testEmptyStreetThrowsException" time="0.0"/>
  <testcase classname="chatgpt.tests.ShippingAddressTest" name="testNullCityThrowsException" time="0.0"/>
  <testcase classname="chatgpt.tests.ShippingAddressTest" name="testNullCountryThrowsException" time="0.0"/>
  <testcase classname="chatgpt.tests.ShippingAddressTest" name="testNullCustomerNameThrowsException" time="0.0"/>
  <testcase classname="chatgpt.tests.ShippingAddressTest" name="testNullPostalCodeThrowsException" time="0.0"/>
  <testcase classname="chatgpt.tests.ShippingAddressTest" name="testNullStreetThrowsException" time="0.0"/>
  <testcase classname="chatgpt.tests.ShippingAddressTest" name="testValidShippingAddress" time="0.0"/>
  <testcase classname="chatgpt.tests.ShoppingCartSystemAcceptanceTest" name="testAddProductsToShoppingCart" time="0.005"/>
  <testcase classname="chatgpt.tests.ShoppingCartSystemAcceptanceTest" name="testChangeQuantityOfProduct" time="0.001"/>
  <testcase classname="chatgpt.tests.ShoppingCartSystemAcceptanceTest" name="testProcessPayment" time="0.0"/>
  <testcase classname="chatgpt.tests.ShoppingCartSystemAcceptanceTest" name="testRemoveProductFromShoppingCart" time="0.001"/>
  <testcase classname="chatgpt.tests.ShoppingCartSystemAcceptanceTest" name="testSelectCreditCard" time="0.001"/>
  <testcase classname="chatgpt.tests.ShoppingCartSystemAcceptanceTest" name="testSelectPayPal" time="0.0"/>
  <testcase classname="chatgpt.tests.ShoppingCartSystemAcceptanceTest" name="testSelectShippingAddress" time="0.0"/>
  <testcase classname="chatgpt.tests.ShoppingCartSystemTest" name="testAddEmptyProductName" time="0.0"/>
  <testcase classname="chatgpt.tests.ShoppingCartSystemTest" name="testAddNegativeQuantity" time="0.0"/>
  <testcase classname="chatgpt.tests.ShoppingCartSystemTest" name="testAddNullProductName" time="0.001"/>
  <testcase classname="chatgpt.tests.ShoppingCartSystemTest" name="testAddSameProductTwice" time="0.005"/>
  <testcase classname="chatgpt.tests.ShoppingCartSystemTest" name="testAddZeroQuantity" time="0.0"/>
  <testcase classname="chatgpt.tests.ShoppingCartSystemTest" name="testChangeQuantityToNegative" time="0.001"/>
  <testcase classname="chatgpt.tests.ShoppingCartSystemTest" name="testChangeQuantityToZero" time="0.001"/>
  <testcase classname="chatgpt.tests.ShoppingCartSystemTest" name="testChangeQuantityWithEmptyName" time="0.001"/>
  <testcase classname="chatgpt.tests.ShoppingCartSystemTest" name="testChangeQuantityWithNullName" time="0.001"/>
  <testcase classname="chatgpt.tests.ShoppingCartSystemTest" name="testChangeShippingAddress" time="0.0"/>
  <testcase classname="chatgpt.tests.ShoppingCartSystemTest" name="testChangedProductAvailability" time="0.015"/>
  <testcase classname="chatgpt.tests.ShoppingCartSystemTest" name="testChangedProductNotInStockException" time="0.002"/>
  <testcase classname="chatgpt.tests.ShoppingCartSystemTest" name="testFailToRemoveProductFromCart" time="0.001"/>
  <testcase classname="chatgpt.tests.ShoppingCartSystemTest" name="testGetTotalCost" time="0.001"/>
  <testcase classname="chatgpt.tests.ShoppingCartSystemTest" name="testGetTotalCostWithNoProducts" time="0.001"/>
  <testcase classname="chatgpt.tests.ShoppingCartSystemTest" name="testMergedProductNotInStockException" time="0.001"/>
  <testcase classname="chatgpt.tests.ShoppingCartSystemTest" name="testPriceQuery" time="0.001"/>
  <testcase classname="chatgpt.tests.ShoppingCartSystemTest" name="testProcessPayment" time="0.004"/>
  <testcase classname="chatgpt.tests.ShoppingCartSystemTest" name="testProductAvailability" time="0.001"/>
  <testcase classname="chatgpt.tests.ShoppingCartSystemTest" name="testProductNotInStockException" time="0.001"/>
  <testcase classname="chatgpt.tests.ShoppingCartSystemTest" name="testRemoveProductWithEmptyName" time="0.0"/>
  <testcase classname="chatgpt.tests.ShoppingCartSystemTest" name="testRemoveProductWithNullName" time="0.0"/>
  <testcase classname="chatgpt.tests.ShoppingCartSystemTest" name="testSwitchPaymentMethod" time="0.0"/>
  <testcase classname="chatgpt.tests.ShoppingCartTest" name="testAddProduct" time="0.0"/>
  <testcase classname="chatgpt.tests.ShoppingCartTest" name="testChangeQuantityOfProduct" time="0.003"/>
  <testcase classname="chatgpt.tests.ShoppingCartTest" name="testChangeQuantityToZeroRemovesProduct" time="0.0"/>
  <testcase classname="chatgpt.tests.ShoppingCartTest" name="testContainsProduct" time="0.0"/>
  <testcase classname="chatgpt.tests.ShoppingCartTest" name="testDoesNotContainProduct" time="0.0"/>
  <testcase classname="chatgpt.tests.ShoppingCartTest" name="testGetProductNotInCart" time="0.0"/>
  <testcase classname="chatgpt.tests.ShoppingCartTest" name="testGetTotalCost" time="0.0"/>
  <testcase classname="chatgpt.tests.ShoppingCartTest" name="testGetTotalCostWithNoProducts" time="0.0"/>
  <testcase classname="chatgpt.tests.ShoppingCartTest" name="testRemoveProduct" time="0.0"/>
  <testcase classname="tests.PaymentMethodTest" name="testEmptyAuthTokenThrowsException" time="0.002"/>
  <testcase classname="tests.PaymentMethodTest" name="testEmptyCardHolderNameThrowsException" time="0.001"/>
  <testcase classname="tests.PaymentMethodTest" name="testEmptyCardNumberThrowsException" time="0.0"/>
  <testcase classname="tests.PaymentMethodTest" name="testEmptyCvvThrowsException" time="0.0"/>
  <testcase classname="tests.PaymentMethodTest" name="testEmptyEmailThrowsException" time="0.0"/>
  <testcase classname="tests.PaymentMethodTest" name="testEmptyExpiryDateThrowsException" time="0.0"/>
  <testcase classname="tests.PaymentMethodTest" name="testNullAuthTokenThrowsException" time="0.001"/>
  <testcase classname="tests.PaymentMethodTest" name="testNullCardHolderNameThrowsException" time="0.0"/>
  <testcase classname="tests.PaymentMethodTest" name="testNullCardNumberThrowsException" time="0.0"/>
  <testcase classname="tests.PaymentMethodTest" name="testNullCvvThrowsException" time="0.001"/>
  <testcase classname="tests.PaymentMethodTest" name="testNullEmailThrowsException" time="0.0"/>
  <testcase classname="tests.PaymentMethodTest" name="testNullExpiryDateThrowsException" time="0.001"/>
  <testcase classname="tests.PaymentMethodTest" name="testValidCreditCardPaymentMethod" time="0.0"/>
  <testcase classname="tests.PaymentMethodTest" name="testValidPayPalPaymentMethod" time="0.0"/>
  <testcase classname="tests.ProductTest" name="testEmptyProductID" time="0.0"/>
  <testcase classname="tests.ProductTest" name="testInvalidProductID" time="0.0"/>
  <testcase classname="tests.ProductTest" name="testNegativePrice" time="0.0"/>
  <testcase classname="tests.ProductTest" name="testNegativeQuantity" time="0.0"/>
  <testcase classname="tests.ProductTest" name="testProductCreation" time="0.0"/>
  <testcase classname="tests.ProductTest" name="testSetInvalidQuantity" time="0.0"/>
  <testcase classname="tests.ProductTest" name="testSetQuantity" time="0.0"/>
  <testcase classname="tests.ProductTest" name="testZeroQuantity" time="0.0"/>
  <testcase classname="tests.ShippingAddressTest" name="testEmptyCityThrowsException" time="0.001"/>
  <testcase classname="tests.ShippingAddressTest" name="testEmptyCountryThrowsException" time="0.0"/>
  <testcase classname="tests.ShippingAddressTest" name="testEmptyCustomerNameThrowsException" time="0.0"/>
  <testcase classname="tests.ShippingAddressTest" name="testEmptyPostalCodeThrowsException" time="0.0"/>
  <testcase classname="tests.ShippingAddressTest" name="testEmptyStreetThrowsException" time="0.0"/>
  <testcase classname="tests.ShippingAddressTest" name="testNullCityThrowsException" time="0.0"/>
  <testcase classname="tests.ShippingAddressTest" name="testNullCountryThrowsException" time="0.0"/>
  <testcase classname="tests.ShippingAddressTest" name="testNullCustomerNameThrowsException" time="0.0"/>
  <testcase classname="tests.ShippingAddressTest" name="testNullPostalCodeThrowsException" time="0.0"/>
  <testcase classname="tests.ShippingAddressTest" name="testNullStreetThrowsException" time="0.0"/>
  <testcase classname="tests.ShippingAddressTest" name="testValidShippingAddress" time="0.0"/>
  <testcase classname="tests.ShoppingCartSystemAcceptanceTest" name="testAddProductsToShoppingCart" time="0.002"/>
  <testcase classname="tests.ShoppingCartSystemAcceptanceTest" name="testChangeQuantityOfProduct" time="0.001"/>
  <testcase classname="tests.ShoppingCartSystemAcceptanceTest" name="testProcessPayment" time="0.001"/>
  <testcase classname="tests.ShoppingCartSystemAcceptanceTest" name="testRemoveProductFromShoppingCart" time="0.001"/>
  <testcase classname="tests.ShoppingCartSystemAcceptanceTest" name="testSelectCreditCard" time="0.001"/>
  <testcase classname="tests.ShoppingCartSystemAcceptanceTest" name="testSelectPayPal" time="0.001"/>
  <testcase classname="tests.ShoppingCartSystemAcceptanceTest" name="testSelectShippingAddress" time="0.001"/>
  <testcase classname="tests.ShoppingCartSystemTest" name="testAddEmptyProductName" time="0.0"/>
  <testcase classname="tests.ShoppingCartSystemTest" name="testAddNegativeQuantity" time="0.001"/>
  <testcase classname="tests.ShoppingCartSystemTest" name="testAddNullProductName" time="0.0"/>
  <testcase classname="tests.ShoppingCartSystemTest" name="testAddSameProductTwice" time="0.001"/>
  <testcase classname="tests.ShoppingCartSystemTest" name="testAddZeroQuantity" time="0.0"/>
  <testcase classname="tests.ShoppingCartSystemTest" name="testChangeQuantityToNegative" time="0.0"/>
  <testcase classname="tests.ShoppingCartSystemTest" name="testChangeQuantityToZero" time="0.0"/>
  <testcase classname="tests.ShoppingCartSystemTest" name="testChangeQuantityWithEmptyName" time="0.0"/>
  <testcase classname="tests.ShoppingCartSystemTest" name="testChangeQuantityWithNullName" time="0.0"/>
  <testcase classname="tests.ShoppingCartSystemTest" name="testChangeShippingAddress" time="0.0"/>
  <testcase classname="tests.ShoppingCartSystemTest" name="testChangedProductAvailability" time="0.0"/>
  <testcase classname="tests.ShoppingCartSystemTest" name="testChangedProductNotInStockException" time="0.002"/>
  <testcase classname="tests.ShoppingCartSystemTest" name="testFailToRemoveProductFromCart" time="0.001"/>
  <testcase classname="tests.ShoppingCartSystemTest" name="testGetTotalCost" time="0.001"/>
  <testcase classname="tests.ShoppingCartSystemTest" name="testGetTotalCostWithNoProducts" time="0.0"/>
  <testcase classname="tests.ShoppingCartSystemTest" name="testMergedProductNotInStockException" time="0.002"/>
  <testcase classname="tests.ShoppingCartSystemTest" name="testPriceQuery" time="0.001"/>
  <testcase classname="tests.ShoppingCartSystemTest" name="testProcessPayment" time="0.002"/>
  <testcase classname="tests.ShoppingCartSystemTest" name="testProductAvailability" time="0.001"/>
  <testcase classname="tests.ShoppingCartSystemTest" name="testProductNotInStockException" time="0.001"/>
  <testcase classname="tests.ShoppingCartSystemTest" name="testRemoveProductWithEmptyName" time="0.0"/>
  <testcase classname="tests.ShoppingCartSystemTest" name="testRemoveProductWithNullName" time="0.0"/>
  <testcase classname="tests.ShoppingCartSystemTest" name="testSwitchPaymentMethod" time="0.0"/>
  <testcase classname="tests.ShoppingCartTest" name="testAddProduct" time="0.0"/>
  <testcase classname="tests.ShoppingCartTest" name="testChangeQuantityOfProduct" time="0.0"/>
  <testcase classname="tests.ShoppingCartTest" name="testChangeQuantityToZeroRemovesProduct" time="0.0"/>
  <testcase classname="tests.ShoppingCartTest" name="testContainsProduct" time="0.0"/>
  <testcase classname="tests.ShoppingCartTest" name="testDoesNotContainProduct" time="0.0"/>
  <testcase classname="tests.ShoppingCartTest" name="testGetProductNotInCart" time="0.0"/>
  <testcase classname="tests.ShoppingCartTest" name="testGetTotalCost" time="0.0"/>
  <testcase classname="tests.ShoppingCartTest" name="testGetTotalCostWithNoProducts" time="0.0"/>
  <testcase classname="tests.ShoppingCartTest" name="testRemoveProduct" time="0.0"/>
</testsuite> <!-- Surefire test -->
