<?xml version="1.0" encoding="UTF-8"?>
<testsuite xmlns:xsi="http://www.w3.org/2001/XMLSchema-instance" xsi:noNamespaceSchemaLocation="https://maven.apache.org/surefire/maven-surefire-plugin/xsd/surefire-test-report-3.0.xsd" version="3.0" name="TestSuite" time="1.96" tests="144" errors="0" skipped="0" failures="0">
  <properties>
[...]
</properties>
  <testcase name="testEmptyAuthTokenThrowsException" classname="chatgpt.tests.PaymentMethodTest" time="0.004">
    <system-err><![CDATA[SLF4J: Failed to load class "org.slf4j.impl.StaticLoggerBinder".
SLF4J: Defaulting to no-operation (NOP) logger implementation
SLF4J: See http://www.slf4j.org/codes.html#StaticLoggerBinder for further details.
]]></system-err>
  </testcase>
  <testcase name="testEmptyCardHolderNameThrowsException" classname="chatgpt.tests.PaymentMethodTest" time="0.0"/>
  <testcase name="testEmptyCardNumberThrowsException" classname="chatgpt.tests.PaymentMethodTest" time="0.0"/>
  <testcase name="testEmptyCvvThrowsException" classname="chatgpt.tests.PaymentMethodTest" time="0.001"/>
  <testcase name="testEmptyEmailThrowsException" classname="chatgpt.tests.PaymentMethodTest" time="0.0"/>
  <testcase name="testEmptyExpiryDateThrowsException" classname="chatgpt.tests.PaymentMethodTest" time="0.0"/>
  <testcase name="testNullAuthTokenThrowsException" classname="chatgpt.tests.PaymentMethodTest" time="0.0"/>
  <testcase name="testNullCardHolderNameThrowsException" classname="chatgpt.tests.PaymentMethodTest" time="0.0"/>
  <testcase name="testNullCardNumberThrowsException" classname="chatgpt.tests.PaymentMethodTest" time="0.001"/>
  <testcase name="testNullCvvThrowsException" classname="chatgpt.tests.PaymentMethodTest" time="0.0"/>
  <testcase name="testNullEmailThrowsException" classname="chatgpt.tests.PaymentMethodTest" time="0.001"/>
  <testcase name="testNullExpiryDateThrowsException" classname="chatgpt.tests.PaymentMethodTest" time="0.0"/>
  <testcase name="testValidCreditCardPaymentMethod" classname="chatgpt.tests.PaymentMethodTest" time="0.011"/>
  <testcase name="testValidPayPalPaymentMethod" classname="chatgpt.tests.PaymentMethodTest" time="0.0"/>
  <testcase name="testEmptyProductID" classname="chatgpt.tests.ProductTest" time="0.001"/>
  <testcase name="testInvalidProductID" classname="chatgpt.tests.ProductTest" time="0.0"/>
  <testcase name="testNegativePrice" classname="chatgpt.tests.ProductTest" time="0.0"/>
  <testcase name="testNegativeQuantity" classname="chatgpt.tests.ProductTest" time="0.001"/>
  <testcase name="testProductCreation" classname="chatgpt.tests.ProductTest" time="0.0"/>
  <testcase name="testSetInvalidQuantity" classname="chatgpt.tests.ProductTest" time="0.001"/>
  <testcase name="testSetQuantity" classname="chatgpt.tests.ProductTest" time="0.0"/>
  <testcase name="testZeroQuantity" classname="chatgpt.tests.ProductTest" time="0.0"/>
  <testcase name="testEmptyCityThrowsException" classname="chatgpt.tests.ShippingAddressTest" time="0.001"/>
  <testcase name="testEmptyCountryThrowsException" classname="chatgpt.tests.ShippingAddressTest" time="0.0"/>
  <testcase name="testEmptyCustomerNameThrowsException" classname="chatgpt.tests.ShippingAddressTest" time="0.0"/>
  <testcase name="testEmptyPostalCodeThrowsException" classname="chatgpt.tests.ShippingAddressTest" time="0.0"/>
  <testcase name="testEmptyStreetThrowsException" classname="chatgpt.tests.ShippingAddressTest" time="0.0"/>
  <testcase name="testNullCityThrowsException" classname="chatgpt.tests.ShippingAddressTest" time="0.001"/>
  <testcase name="testNullCountryThrowsException" classname="chatgpt.tests.ShippingAddressTest" time="0.0"/>
  <testcase name="testNullCustomerNameThrowsException" classname="chatgpt.tests.ShippingAddressTest" time="0.0"/>
  <testcase name="testNullPostalCodeThrowsException" classname="chatgpt.tests.ShippingAddressTest" time="0.0"/>
  <testcase name="testNullStreetThrowsException" classname="chatgpt.tests.ShippingAddressTest" time="0.0"/>
  <testcase name="testValidShippingAddress" classname="chatgpt.tests.ShippingAddressTest" time="0.0"/>
  <testcase name="testAddProductsToShoppingCart" classname="chatgpt.tests.ShoppingCartSystemAcceptanceTest" time="0.005"/>
  <testcase name="testChangeQuantityOfProduct" classname="chatgpt.tests.ShoppingCartSystemAcceptanceTest" time="0.0"/>
  <testcase name="testProcessPayment" classname="chatgpt.tests.ShoppingCartSystemAcceptanceTest" time="0.0"/>
  <testcase name="testRemoveProductFromShoppingCart" classname="chatgpt.tests.ShoppingCartSystemAcceptanceTest" time="0.0"/>
  <testcase name="testSelectCreditCard" classname="chatgpt.tests.ShoppingCartSystemAcceptanceTest" time="0.0"/>
  <testcase name="testSelectPayPal" classname="chatgpt.tests.ShoppingCartSystemAcceptanceTest" time="0.0"/>
  <testcase name="testSelectShippingAddress" classname="chatgpt.tests.ShoppingCartSystemAcceptanceTest" time="0.0"/>
  <testcase name="testAddEmptyProductName" classname="chatgpt.tests.ShoppingCartSystemTest" time="0.001"/>
  <testcase name="testAddNegativeQuantity" classname="chatgpt.tests.ShoppingCartSystemTest" time="0.001"/>
  <testcase name="testAddNullProductName" classname="chatgpt.tests.ShoppingCartSystemTest" time="0.0"/>
  <testcase name="testAddSameProductTwice" classname="chatgpt.tests.ShoppingCartSystemTest" time="0.005"/>
  <testcase name="testAddZeroQuantity" classname="chatgpt.tests.ShoppingCartSystemTest" time="0.001"/>
  <testcase name="testChangeQuantityToNegative" classname="chatgpt.tests.ShoppingCartSystemTest" time="0.001"/>
  <testcase name="testChangeQuantityToZero" classname="chatgpt.tests.ShoppingCartSystemTest" time="0.0"/>
  <testcase name="testChangeQuantityWithEmptyName" classname="chatgpt.tests.ShoppingCartSystemTest" time="0.0"/>
  <testcase name="testChangeQuantityWithNullName" classname="chatgpt.tests.ShoppingCartSystemTest" time="0.0"/>
  <testcase name="testChangeShippingAddress" classname="chatgpt.tests.ShoppingCartSystemTest" time="0.001"/>
  <testcase name="testChangedProductAvailability" classname="chatgpt.tests.ShoppingCartSystemTest" time="0.015"/>
  <testcase name="testChangedProductNotInStockException" classname="chatgpt.tests.ShoppingCartSystemTest" time="0.002"/>
  <testcase name="testFailToRemoveProductFromCart" classname="chatgpt.tests.ShoppingCartSystemTest" time="0.0"/>
  <testcase name="testGetTotalCost" classname="chatgpt.tests.ShoppingCartSystemTest" time="0.0"/>
  <testcase name="testGetTotalCostWithNoProducts" classname="chatgpt.tests.ShoppingCartSystemTest" time="0.0"/>
  <testcase name="testMergedProductNotInStockException" classname="chatgpt.tests.ShoppingCartSystemTest" time="0.002"/>
  <testcase name="testPriceQuery" classname="chatgpt.tests.ShoppingCartSystemTest" time="0.0"/>
  <testcase name="testProcessPayment" classname="chatgpt.tests.ShoppingCartSystemTest" time="0.005"/>
  <testcase name="testProductAvailability" classname="chatgpt.tests.ShoppingCartSystemTest" time="0.001"/>
  <testcase name="testProductNotInStockException" classname="chatgpt.tests.ShoppingCartSystemTest" time="0.0"/>
  <testcase name="testRemoveProductWithEmptyName" classname="chatgpt.tests.ShoppingCartSystemTest" time="0.0"/>
  <testcase name="testRemoveProductWithNullName" classname="chatgpt.tests.ShoppingCartSystemTest" time="0.001"/>
  <testcase name="testSwitchPaymentMethod" classname="chatgpt.tests.ShoppingCartSystemTest" time="0.001"/>
  <testcase name="testAddProduct" classname="chatgpt.tests.ShoppingCartTest" time="0.0"/>
  <testcase name="testChangeQuantityOfProduct" classname="chatgpt.tests.ShoppingCartTest" time="0.003"/>
  <testcase name="testChangeQuantityToZeroRemovesProduct" classname="chatgpt.tests.ShoppingCartTest" time="0.0"/>
  <testcase name="testContainsProduct" classname="chatgpt.tests.ShoppingCartTest" time="0.0"/>
  <testcase name="testDoesNotContainProduct" classname="chatgpt.tests.ShoppingCartTest" time="0.0"/>
  <testcase name="testGetProductNotInCart" classname="chatgpt.tests.ShoppingCartTest" time="0.0"/>
  <testcase name="testGetTotalCost" classname="chatgpt.tests.ShoppingCartTest" time="0.0"/>
  <testcase name="testGetTotalCostWithNoProducts" classname="chatgpt.tests.ShoppingCartTest" time="0.0"/>
  <testcase name="testRemoveProduct" classname="chatgpt.tests.ShoppingCartTest" time="0.0"/>
  <testcase name="testEmptyAuthTokenThrowsException" classname="tests.PaymentMethodTest" time="0.002"/>
  <testcase name="testEmptyCardHolderNameThrowsException" classname="tests.PaymentMethodTest" time="0.001"/>
  <testcase name="testEmptyCardNumberThrowsException" classname="tests.PaymentMethodTest" time="0.001"/>
  <testcase name="testEmptyCvvThrowsException" classname="tests.PaymentMethodTest" time="0.0"/>
  <testcase name="testEmptyEmailThrowsException" classname="tests.PaymentMethodTest" time="0.0"/>
  <testcase name="testEmptyExpiryDateThrowsException" classname="tests.PaymentMethodTest" time="0.0"/>
  <testcase name="testNullAuthTokenThrowsException" classname="tests.PaymentMethodTest" time="0.0"/>
  <testcase name="testNullCardHolderNameThrowsException" classname="tests.PaymentMethodTest" time="0.001"/>
  <testcase name="testNullCardNumberThrowsException" classname="tests.PaymentMethodTest" time="0.0"/>
  <testcase name="testNullCvvThrowsException" classname="tests.PaymentMethodTest" time="0.0"/>
  <testcase name="testNullEmailThrowsException" classname="tests.PaymentMethodTest" time="0.0"/>
  <testcase name="testNullExpiryDateThrowsException" classname="tests.PaymentMethodTest" time="0.0"/>
  <testcase name="testValidCreditCardPaymentMethod" classname="tests.PaymentMethodTest" time="0.0"/>
  <testcase name="testValidPayPalPaymentMethod" classname="tests.PaymentMethodTest" time="0.0"/>
  <testcase name="testEmptyProductID" classname="tests.ProductTest" time="0.001"/>
  <testcase name="testInvalidProductID" classname="tests.ProductTest" time="0.0"/>
  <testcase name="testNegativePrice" classname="tests.ProductTest" time="0.001"/>
  <testcase name="testNegativeQuantity" classname="tests.ProductTest" time="0.0"/>
  <testcase name="testProductCreation" classname="tests.ProductTest" time="0.001"/>
  <testcase name="testSetInvalidQuantity" classname="tests.ProductTest" time="0.0"/>
  <testcase name="testSetQuantity" classname="tests.ProductTest" time="0.001"/>
  <testcase name="testZeroQuantity" classname="tests.ProductTest" time="0.0"/>
  <testcase name="testEmptyCityThrowsException" classname="tests.ShippingAddressTest" time="0.001"/>
  <testcase name="testEmptyCountryThrowsException" classname="tests.ShippingAddressTest" time="0.0"/>
  <testcase name="testEmptyCustomerNameThrowsException" classname="tests.ShippingAddressTest" time="0.0"/>
  <testcase name="testEmptyPostalCodeThrowsException" classname="tests.ShippingAddressTest" time="0.0"/>
  <testcase name="testEmptyStreetThrowsException" classname="tests.ShippingAddressTest" time="0.0"/>
  <testcase name="testNullCityThrowsException" classname="tests.ShippingAddressTest" time="0.001"/>
  <testcase name="testNullCountryThrowsException" classname="tests.ShippingAddressTest" time="0.0"/>
  <testcase name="testNullCustomerNameThrowsException" classname="tests.ShippingAddressTest" time="0.001"/>
  <testcase name="testNullPostalCodeThrowsException" classname="tests.ShippingAddressTest" time="0.0"/>
  <testcase name="testNullStreetThrowsException" classname="tests.ShippingAddressTest" time="0.0"/>
  <testcase name="testValidShippingAddress" classname="tests.ShippingAddressTest" time="0.0"/>
  <testcase name="testAddProductsToShoppingCart" classname="tests.ShoppingCartSystemAcceptanceTest" time="0.002"/>
  <testcase name="testChangeQuantityOfProduct" classname="tests.ShoppingCartSystemAcceptanceTest" time="0.0"/>
  <testcase name="testProcessPayment" classname="tests.ShoppingCartSystemAcceptanceTest" time="0.0"/>
  <testcase name="testRemoveProductFromShoppingCart" classname="tests.ShoppingCartSystemAcceptanceTest" time="0.0"/>
  <testcase name="testSelectCreditCard" classname="tests.ShoppingCartSystemAcceptanceTest" time="0.0"/>
  <testcase name="testSelectPayPal" classname="tests.ShoppingCartSystemAcceptanceTest" time="0.0"/>
  <testcase name="testSelectShippingAddress" classname="tests.ShoppingCartSystemAcceptanceTest" time="0.0"/>
  <testcase name="testAddEmptyProductName" classname="tests.ShoppingCartSystemTest" time="0.0"/>
  <testcase name="testAddNegativeQuantity" classname="tests.ShoppingCartSystemTest" time="0.0"/>
  <testcase name="testAddNullProductName" classname="tests.ShoppingCartSystemTest" time="0.0"/>
  <testcase name="testAddSameProductTwice" classname="tests.ShoppingCartSystemTest" time="0.0"/>
  <testcase name="testAddZeroQuantity" classname="tests.ShoppingCartSystemTest" time="0.001"/>
  <testcase name="testChangeQuantityToNegative" classname="tests.ShoppingCartSystemTest" time="0.0"/>
  <testcase name="testChangeQuantityToZero" classname="tests.ShoppingCartSystemTest" time="0.001"/>
  <testcase name="testChangeQuantityWithEmptyName" classname="tests.ShoppingCartSystemTest" time="0.0"/>
  <testcase name="testChangeQuantityWithNullName" classname="tests.ShoppingCartSystemTest" time="0.0"/>
  <testcase name="testChangeShippingAddress" classname="tests.ShoppingCartSystemTest" time="0.0"/>
  <testcase name="testChangedProductAvailability" classname="tests.ShoppingCartSystemTest" time="0.001"/>
  <testcase name="testChangedProductNotInStockException" classname="tests.ShoppingCartSystemTest" time="0.002"/>
  <testcase name="testFailToRemoveProductFromCart" classname="tests.ShoppingCartSystemTest" time="0.0"/>
  <testcase name="testGetTotalCost" classname="tests.ShoppingCartSystemTest" time="0.001"/>
  <testcase name="testGetTotalCostWithNoProducts" classname="tests.ShoppingCartSystemTest" time="0.0"/>
  <testcase name="testMergedProductNotInStockException" classname="tests.ShoppingCartSystemTest" time="0.001"/>
  <testcase name="testPriceQuery" classname="tests.ShoppingCartSystemTest" time="0.0"/>
  <testcase name="testProcessPayment" classname="tests.ShoppingCartSystemTest" time="0.003"/>
  <testcase name="testProductAvailability" classname="tests.ShoppingCartSystemTest" time="0.001"/>
  <testcase name="testProductNotInStockException" classname="tests.ShoppingCartSystemTest" time="0.001"/>
  <testcase name="testRemoveProductWithEmptyName" classname="tests.ShoppingCartSystemTest" time="0.0"/>
  <testcase name="testRemoveProductWithNullName" classname="tests.ShoppingCartSystemTest" time="0.0"/>
  <testcase name="testSwitchPaymentMethod" classname="tests.ShoppingCartSystemTest" time="0.0"/>
  <testcase name="testAddProduct" classname="tests.ShoppingCartTest" time="0.0"/>
  <testcase name="testChangeQuantityOfProduct" classname="tests.ShoppingCartTest" time="0.0"/>
  <testcase name="testChangeQuantityToZeroRemovesProduct" classname="tests.ShoppingCartTest" time="0.0"/>
  <testcase name="testContainsProduct" classname="tests.ShoppingCartTest" time="0.001"/>
  <testcase name="testDoesNotContainProduct" classname="tests.ShoppingCartTest" time="0.0"/>
  <testcase name="testGetProductNotInCart" classname="tests.ShoppingCartTest" time="0.0"/>
  <testcase name="testGetTotalCost" classname="tests.ShoppingCartTest" time="0.001"/>
  <testcase name="testGetTotalCostWithNoProducts" classname="tests.ShoppingCartTest" time="0.0"/>
  <testcase name="testRemoveProduct" classname="tests.ShoppingCartTest" time="0.0"/>
</testsuite>